2023-10-23T21:46:20.268002Z 0 [Warning] TIMESTAMP with implicit DEFAULT value is deprecated. Please use --explicit_defaults_for_timestamp server option (see documentation for more details).
2023-10-23T21:46:20.284214Z 0 [Note] --secure-file-priv is set to NULL. Operations related to importing and exporting data are disabled
2023-10-23T21:46:20.285534Z 0 [ERROR] Cannot open Windows EventLog; check privileges, or start server with --log_syslog=0
2023-10-23T21:46:20.285599Z 0 [Note] C:\Users\20221tpmi0289\Desktop\usbwebserver/mysql/bin/mysqld_usbwv8.exe (mysqld 5.7.36) starting as process 12976 ...
2023-10-23T21:46:20.286534Z 0 [ERROR] Error message file 'C:\Users\20221tpmi0289\Desktop\usbwebserver\mysql\share\english\errmsg.sys' had only 886 error messages,
                    but it should contain at least 1123 error messages.
                    Check that the above file is the right version for                     this program!
2023-10-23T21:46:20.321729Z 0 [Note] InnoDB: Mutexes and rw_locks use Windows interlocked functions
2023-10-23T21:46:20.322423Z 0 [Note] InnoDB: Uses event mutexes
2023-10-23T21:46:20.322848Z 0 [Note] InnoDB: Memory barrier is not used
2023-10-23T21:46:20.323326Z 0 [Note] InnoDB: Compressed tables use zlib 1.2.11
2023-10-23T21:46:20.324358Z 0 [Note] InnoDB: Number of pools: 1
2023-10-23T21:46:20.324963Z 0 [Note] InnoDB: Not using CPU crc32 instructions
2023-10-23T21:46:20.328950Z 0 [Note] InnoDB: Initializing buffer pool, total size = 128M, instances = 1, chunk size = 128M
2023-10-23T21:46:20.337669Z 0 [Note] InnoDB: Completed initialization of buffer pool
2023-10-23T21:46:20.361307Z 0 [Note] InnoDB: The first innodb_system data file 'ibdata1' did not exist. A new tablespace will be created!
2023-10-23T21:46:20.362772Z 0 [Note] InnoDB: Setting file 'C:\Users\20221tpmi0289\Desktop\usbwebserver\mysql\data\ibdata1' size to 10 MB. Physically writing the file full; Please wait ...
2023-10-23T21:46:20.495764Z 0 [Note] InnoDB: File 'C:\Users\20221tpmi0289\Desktop\usbwebserver\mysql\data\ibdata1' size is now 10 MB.
2023-10-23T21:46:20.501647Z 0 [Note] InnoDB: Setting log file C:\Users\20221tpmi0289\Desktop\usbwebserver\mysql\data\ib_logfile101 size to 5 MB
2023-10-23T21:46:20.585519Z 0 [Note] InnoDB: Setting log file C:\Users\20221tpmi0289\Desktop\usbwebserver\mysql\data\ib_logfile1 size to 5 MB
2023-10-23T21:46:20.834990Z 0 [Note] InnoDB: Renaming log file C:\Users\20221tpmi0289\Desktop\usbwebserver\mysql\data\ib_logfile101 to C:\Users\20221tpmi0289\Desktop\usbwebserver\mysql\data\ib_logfile0
2023-10-23T21:46:20.875215Z 0 [Warning] InnoDB: New log files created, LSN=45790
2023-10-23T21:46:20.875936Z 0 [Note] InnoDB: Creating shared tablespace for temporary tables
2023-10-23T21:46:20.877161Z 0 [Note] InnoDB: Setting file 'C:\Users\20221tpmi0289\Desktop\usbwebserver\mysql\data\ibtmp1' size to 12 MB. Physically writing the file full; Please wait ...
2023-10-23T21:46:21.026350Z 0 [Note] InnoDB: File 'C:\Users\20221tpmi0289\Desktop\usbwebserver\mysql\data\ibtmp1' size is now 12 MB.
2023-10-23T21:46:21.052304Z 0 [Note] InnoDB: Doublewrite buffer not found: creating new
2023-10-23T21:46:21.233943Z 0 [Note] InnoDB: Doublewrite buffer created
2023-10-23T21:46:22.019009Z 0 [Note] InnoDB: 96 redo rollback segment(s) found. 96 redo rollback segment(s) are active.
2023-10-23T21:46:22.020233Z 0 [Note] InnoDB: 32 non-redo rollback segment(s) are active.
2023-10-23T21:46:22.021755Z 0 [Warning] InnoDB: Creating foreign key constraint system tables.
2023-10-23T21:46:22.077380Z 0 [Note] InnoDB: Foreign key constraint system tables created
2023-10-23T21:46:22.078069Z 0 [Note] InnoDB: Creating tablespace and datafile system tables.
2023-10-23T21:46:22.119044Z 0 [Note] InnoDB: Tablespace and datafile system tables created.
2023-10-23T21:46:22.119937Z 0 [Note] InnoDB: Creating sys_virtual system tables.
2023-10-23T21:46:22.193680Z 0 [Note] InnoDB: sys_virtual table created
2023-10-23T21:46:22.195293Z 0 [Note] InnoDB: Waiting for purge to start
2023-10-23T21:46:22.250705Z 0 [Note] InnoDB: 5.7.36 started; log sequence number 0
2023-10-23T21:46:22.259949Z 0 [Note] Plugin 'FEDERATED' is disabled.
2023-10-23T21:46:22.277902Z 0 [Warning] System table 'plugin' is expected to be transactional.
2023-10-23T21:46:22.279605Z 0 [Warning] Gtid table is not ready to be used. Table 'mysql.gtid_executed' cannot be opened.
2023-10-23T21:46:22.296828Z 0 [Note] Found ca.pem, server-cert.pem and server-key.pem in data directory. Trying to enable SSL support using them.
2023-10-23T21:46:22.297838Z 0 [Note] Skipping generation of SSL certificates as certificate files are present in data directory.
2023-10-23T21:46:22.298690Z 0 [Warning] 
2023-10-23T21:46:22.298961Z 0 [Warning] 
2023-10-23T21:46:22.301289Z 0 [Warning] CA certificate ca.pem is self signed.
2023-10-23T21:46:22.302013Z 0 [Note] Skipping generation of RSA key pair as key files are present in data directory.
2023-10-23T21:46:22.303012Z 0 [Note] Server hostname (bind-address): '*'; port: 3306
2023-10-23T21:46:22.304151Z 0 [Note] IPv6 is available.
2023-10-23T21:46:22.304734Z 0 [Note]   - '::' resolves to '::';
2023-10-23T21:46:22.305292Z 0 [Note] Server socket created on IP: '::'.
2023-10-23T21:46:22.305831Z 0 [ERROR] Can't start server: Bind on TCP/IP port: No such file or directory
2023-10-23T21:46:22.306527Z 0 [ERROR] Do you already have another mysqld server running on port: 3306 ?
2023-10-23T21:46:22.307232Z 0 [ERROR] Aborting

2023-10-23T21:46:22.307571Z 0 [Note] Binlog end
2023-10-23T21:46:22.308183Z 0 [Note] Shutting down plugin 'ngram'
2023-10-23T21:46:22.308635Z 0 [Note] Shutting down plugin 'partition'
2023-10-23T21:46:22.309101Z 0 [Note] Shutting down plugin 'BLACKHOLE'
2023-10-23T21:46:22.309567Z 0 [Note] Shutting down plugin 'ARCHIVE'
2023-10-23T21:46:22.310019Z 0 [Note] Shutting down plugin 'PERFORMANCE_SCHEMA'
2023-10-23T21:46:22.310580Z 0 [Note] Shutting down plugin 'MRG_MYISAM'
2023-10-23T21:46:22.311064Z 0 [Note] Shutting down plugin 'MyISAM'
2023-10-23T21:46:22.311526Z 0 [Note] Shutting down plugin 'INNODB_SYS_VIRTUAL'
2023-10-23T21:46:22.312058Z 0 [Note] Shutting down plugin 'INNODB_SYS_DATAFILES'
2023-10-23T21:46:22.312596Z 0 [Note] Shutting down plugin 'INNODB_SYS_TABLESPACES'
2023-10-23T21:46:22.313148Z 0 [Note] Shutting down plugin 'INNODB_SYS_FOREIGN_COLS'
2023-10-23T21:46:22.313725Z 0 [Note] Shutting down plugin 'INNODB_SYS_FOREIGN'
2023-10-23T21:46:22.314251Z 0 [Note] Shutting down plugin 'INNODB_SYS_FIELDS'
2023-10-23T21:46:22.314768Z 0 [Note] Shutting down plugin 'INNODB_SYS_COLUMNS'
2023-10-23T21:46:22.315292Z 0 [Note] Shutting down plugin 'INNODB_SYS_INDEXES'
2023-10-23T21:46:22.315889Z 0 [Note] Shutting down plugin 'INNODB_SYS_TABLESTATS'
2023-10-23T21:46:22.316439Z 0 [Note] Shutting down plugin 'INNODB_SYS_TABLES'
2023-10-23T21:46:22.316959Z 0 [Note] Shutting down plugin 'INNODB_FT_INDEX_TABLE'
2023-10-23T21:46:22.317510Z 0 [Note] Shutting down plugin 'INNODB_FT_INDEX_CACHE'
2023-10-23T21:46:22.318128Z 0 [Note] Shutting down plugin 'INNODB_FT_CONFIG'
2023-10-23T21:46:22.318643Z 0 [Note] Shutting down plugin 'INNODB_FT_BEING_DELETED'
2023-10-23T21:46:22.319202Z 0 [Note] Shutting down plugin 'INNODB_FT_DELETED'
2023-10-23T21:46:22.320059Z 0 [Note] Shutting down plugin 'INNODB_FT_DEFAULT_STOPWORD'
2023-10-23T21:46:22.320934Z 0 [Note] Shutting down plugin 'INNODB_METRICS'
2023-10-23T21:46:22.321504Z 0 [Note] Shutting down plugin 'INNODB_TEMP_TABLE_INFO'
2023-10-23T21:46:22.322055Z 0 [Note] Shutting down plugin 'INNODB_BUFFER_POOL_STATS'
2023-10-23T21:46:22.322619Z 0 [Note] Shutting down plugin 'INNODB_BUFFER_PAGE_LRU'
2023-10-23T21:46:22.323170Z 0 [Note] Shutting down plugin 'INNODB_BUFFER_PAGE'
2023-10-23T21:46:22.323698Z 0 [Note] Shutting down plugin 'INNODB_CMP_PER_INDEX_RESET'
2023-10-23T21:46:22.324293Z 0 [Note] Shutting down plugin 'INNODB_CMP_PER_INDEX'
2023-10-23T21:46:22.324831Z 0 [Note] Shutting down plugin 'INNODB_CMPMEM_RESET'
2023-10-23T21:46:22.325361Z 0 [Note] Shutting down plugin 'INNODB_CMPMEM'
2023-10-23T21:46:22.325853Z 0 [Note] Shutting down plugin 'INNODB_CMP_RESET'
2023-10-23T21:46:22.326364Z 0 [Note] Shutting down plugin 'INNODB_CMP'
2023-10-23T21:46:22.326883Z 0 [Note] Shutting down plugin 'INNODB_LOCK_WAITS'
2023-10-23T21:46:22.327399Z 0 [Note] Shutting down plugin 'INNODB_LOCKS'
2023-10-23T21:46:22.327885Z 0 [Note] Shutting down plugin 'INNODB_TRX'
2023-10-23T21:46:22.328356Z 0 [Note] Shutting down plugin 'InnoDB'
2023-10-23T21:46:22.328892Z 0 [Note] InnoDB: FTS optimize thread exiting.
2023-10-23T21:46:22.329583Z 0 [Note] InnoDB: Starting shutdown...
2023-10-23T21:46:22.435524Z 0 [Note] InnoDB: Dumping buffer pool(s) to C:\Users\20221tpmi0289\Desktop\usbwebserver\mysql\data\ib_buffer_pool
2023-10-23T21:46:22.437712Z 0 [Note] InnoDB: Buffer pool(s) dump completed at 231023 18:46:22
2023-10-23T21:46:23.689820Z 0 [Note] InnoDB: Shutdown completed; log sequence number 1209968
2023-10-23T21:46:23.690772Z 0 [Note] InnoDB: Removed temporary tablespace data file: "ibtmp1"
2023-10-23T21:46:23.691472Z 0 [Note] Shutting down plugin 'MEMORY'
2023-10-23T21:46:23.691927Z 0 [Note] Shutting down plugin 'CSV'
2023-10-23T21:46:23.692360Z 0 [Note] Shutting down plugin 'sha256_password'
2023-10-23T21:46:23.692867Z 0 [Note] Shutting down plugin 'mysql_native_password'
2023-10-23T21:46:23.693546Z 0 [Note] Shutting down plugin 'binlog'
2023-10-23T21:46:23.694190Z 0 [Note] 
2023-10-23T21:46:47.823479Z 0 [Warning] TIMESTAMP with implicit DEFAULT value is deprecated. Please use --explicit_defaults_for_timestamp server option (see documentation for more details).
2023-10-23T21:46:47.823572Z 0 [Note] --secure-file-priv is set to NULL. Operations related to importing and exporting data are disabled
2023-10-23T21:46:47.824133Z 0 [ERROR] Cannot open Windows EventLog; check privileges, or start server with --log_syslog=0
2023-10-23T21:46:47.824156Z 0 [Note] C:\Users\20221tpmi0289\Desktop\usbwebserver/mysql/bin/mysqld_usbwv8.exe (mysqld 5.7.36) starting as process 12628 ...
2023-10-23T21:46:47.825046Z 0 [ERROR] Error message file 'C:\Users\20221tpmi0289\Desktop\usbwebserver\mysql\share\english\errmsg.sys' had only 886 error messages,
                    but it should contain at least 1123 error messages.
                    Check that the above file is the right version for                     this program!
2023-10-23T21:46:47.837372Z 0 [Note] InnoDB: Mutexes and rw_locks use Windows interlocked functions
2023-10-23T21:46:47.838121Z 0 [Note] InnoDB: Uses event mutexes
2023-10-23T21:46:47.838636Z 0 [Note] InnoDB: Memory barrier is not used
2023-10-23T21:46:47.839377Z 0 [Note] InnoDB: Compressed tables use zlib 1.2.11
2023-10-23T21:46:47.840737Z 0 [Note] InnoDB: Number of pools: 1
2023-10-23T21:46:47.841342Z 0 [Note] InnoDB: Not using CPU crc32 instructions
2023-10-23T21:46:47.844879Z 0 [Note] InnoDB: Initializing buffer pool, total size = 128M, instances = 1, chunk size = 128M
2023-10-23T21:46:47.853730Z 0 [Note] InnoDB: Completed initialization of buffer pool
2023-10-23T21:46:47.909168Z 0 [Note] InnoDB: Highest supported file format is Barracuda.
2023-10-23T21:46:48.018208Z 0 [Note] InnoDB: Creating shared tablespace for temporary tables
2023-10-23T21:46:48.019303Z 0 [Note] InnoDB: Setting file 'C:\Users\20221tpmi0289\Desktop\usbwebserver\mysql\data\ibtmp1' size to 12 MB. Physically writing the file full; Please wait ...
2023-10-23T21:46:48.269813Z 0 [Note] InnoDB: File 'C:\Users\20221tpmi0289\Desktop\usbwebserver\mysql\data\ibtmp1' size is now 12 MB.
2023-10-23T21:46:48.298789Z 0 [Note] InnoDB: 96 redo rollback segment(s) found. 96 redo rollback segment(s) are active.
2023-10-23T21:46:48.299643Z 0 [Note] InnoDB: 32 non-redo rollback segment(s) are active.
2023-10-23T21:46:48.300680Z 0 [Note] InnoDB: Waiting for purge to start
2023-10-23T21:46:48.385383Z 0 [Note] InnoDB: 5.7.36 started; log sequence number 1209968
2023-10-23T21:46:48.386460Z 0 [Note] Plugin 'FEDERATED' is disabled.
2023-10-23T21:46:48.386511Z 0 [Note] InnoDB: Loading buffer pool(s) from C:\Users\20221tpmi0289\Desktop\usbwebserver\mysql\data\ib_buffer_pool
2023-10-23T21:46:48.389557Z 0 [Warning] System table 'plugin' is expected to be transactional.
2023-10-23T21:46:48.391034Z 0 [Warning] Gtid table is not ready to be used. Table 'mysql.gtid_executed' cannot be opened.
2023-10-23T21:46:48.393614Z 0 [Note] Found ca.pem, server-cert.pem and server-key.pem in data directory. Trying to enable SSL support using them.
2023-10-23T21:46:48.394595Z 0 [Note] Skipping generation of SSL certificates as certificate files are present in data directory.
2023-10-23T21:46:48.395455Z 0 [Warning] 
2023-10-23T21:46:48.395788Z 0 [Warning] 
2023-10-23T21:46:48.397811Z 0 [Warning] CA certificate ca.pem is self signed.
2023-10-23T21:46:48.398545Z 0 [Note] Skipping generation of RSA key pair as key files are present in data directory.
2023-10-23T21:46:48.399618Z 0 [Note] Server hostname (bind-address): '*'; port: 3306
2023-10-23T21:46:48.399712Z 0 [Note] InnoDB: Buffer pool(s) load completed at 231023 18:46:48
2023-10-23T21:46:48.400554Z 0 [Note] IPv6 is available.
2023-10-23T21:46:48.401433Z 0 [Note]   - '::' resolves to '::';
2023-10-23T21:46:48.401956Z 0 [Note] Server socket created on IP: '::'.
2023-10-23T21:46:48.402465Z 0 [ERROR] Can't start server: Bind on TCP/IP port: No such file or directory
2023-10-23T21:46:48.403165Z 0 [ERROR] Do you already have another mysqld server running on port: 3306 ?
2023-10-23T21:46:48.404059Z 0 [ERROR] Aborting

2023-10-23T21:46:48.404500Z 0 [Note] Binlog end
2023-10-23T21:46:48.404877Z 0 [Note] Shutting down plugin 'ngram'
2023-10-23T21:46:48.405326Z 0 [Note] Shutting down plugin 'partition'
2023-10-23T21:46:48.405797Z 0 [Note] Shutting down plugin 'BLACKHOLE'
2023-10-23T21:46:48.406267Z 0 [Note] Shutting down plugin 'ARCHIVE'
2023-10-23T21:46:48.406724Z 0 [Note] Shutting down plugin 'PERFORMANCE_SCHEMA'
2023-10-23T21:46:48.407281Z 0 [Note] Shutting down plugin 'MRG_MYISAM'
2023-10-23T21:46:48.407763Z 0 [Note] Shutting down plugin 'MyISAM'
2023-10-23T21:46:48.408227Z 0 [Note] Shutting down plugin 'INNODB_SYS_VIRTUAL'
2023-10-23T21:46:48.408761Z 0 [Note] Shutting down plugin 'INNODB_SYS_DATAFILES'
2023-10-23T21:46:48.409306Z 0 [Note] Shutting down plugin 'INNODB_SYS_TABLESPACES'
2023-10-23T21:46:48.409863Z 0 [Note] Shutting down plugin 'INNODB_SYS_FOREIGN_COLS'
2023-10-23T21:46:48.410427Z 0 [Note] Shutting down plugin 'INNODB_SYS_FOREIGN'
2023-10-23T21:46:48.410959Z 0 [Note] Shutting down plugin 'INNODB_SYS_FIELDS'
2023-10-23T21:46:48.411483Z 0 [Note] Shutting down plugin 'INNODB_SYS_COLUMNS'
2023-10-23T21:46:48.412050Z 0 [Note] Shutting down plugin 'INNODB_SYS_INDEXES'
2023-10-23T21:46:48.412580Z 0 [Note] Shutting down plugin 'INNODB_SYS_TABLESTATS'
2023-10-23T21:46:48.413131Z 0 [Note] Shutting down plugin 'INNODB_SYS_TABLES'
2023-10-23T21:46:48.413653Z 0 [Note] Shutting down plugin 'INNODB_FT_INDEX_TABLE'
2023-10-23T21:46:48.414203Z 0 [Note] Shutting down plugin 'INNODB_FT_INDEX_CACHE'
2023-10-23T21:46:48.414751Z 0 [Note] Shutting down plugin 'INNODB_FT_CONFIG'
2023-10-23T21:46:48.415267Z 0 [Note] Shutting down plugin 'INNODB_FT_BEING_DELETED'
2023-10-23T21:46:48.415829Z 0 [Note] Shutting down plugin 'INNODB_FT_DELETED'
2023-10-23T21:46:48.416407Z 0 [Note] Shutting down plugin 'INNODB_FT_DEFAULT_STOPWORD'
2023-10-23T21:46:48.416990Z 0 [Note] Shutting down plugin 'INNODB_METRICS'
2023-10-23T21:46:48.417492Z 0 [Note] Shutting down plugin 'INNODB_TEMP_TABLE_INFO'
2023-10-23T21:46:48.418048Z 0 [Note] Shutting down plugin 'INNODB_BUFFER_POOL_STATS'
2023-10-23T21:46:48.418616Z 0 [Note] Shutting down plugin 'INNODB_BUFFER_PAGE_LRU'
2023-10-23T21:46:48.419171Z 0 [Note] Shutting down plugin 'INNODB_BUFFER_PAGE'
2023-10-23T21:46:48.419728Z 0 [Note] Shutting down plugin 'INNODB_CMP_PER_INDEX_RESET'
2023-10-23T21:46:48.420355Z 0 [Note] Shutting down plugin 'INNODB_CMP_PER_INDEX'
2023-10-23T21:46:48.421043Z 0 [Note] Shutting down plugin 'INNODB_CMPMEM_RESET'
2023-10-23T21:46:48.421646Z 0 [Note] Shutting down plugin 'INNODB_CMPMEM'
2023-10-23T21:46:48.422147Z 0 [Note] Shutting down plugin 'INNODB_CMP_RESET'
2023-10-23T21:46:48.422667Z 0 [Note] Shutting down plugin 'INNODB_CMP'
2023-10-23T21:46:48.423206Z 0 [Note] Shutting down plugin 'INNODB_LOCK_WAITS'
2023-10-23T21:46:48.423730Z 0 [Note] Shutting down plugin 'INNODB_LOCKS'
2023-10-23T21:46:48.424219Z 0 [Note] Shutting down plugin 'INNODB_TRX'
2023-10-23T21:46:48.424693Z 0 [Note] Shutting down plugin 'InnoDB'
2023-10-23T21:46:48.425217Z 0 [Note] InnoDB: FTS optimize thread exiting.
2023-10-23T21:46:48.425825Z 0 [Note] InnoDB: Starting shutdown...
2023-10-23T21:46:48.532591Z 0 [Note] InnoDB: Dumping buffer pool(s) to C:\Users\20221tpmi0289\Desktop\usbwebserver\mysql\data\ib_buffer_pool
2023-10-23T21:46:48.534439Z 0 [Note] InnoDB: Buffer pool(s) dump completed at 231023 18:46:48
2023-10-23T21:46:49.825313Z 0 [Note] InnoDB: Shutdown completed; log sequence number 1209987
2023-10-23T21:46:49.826282Z 0 [Note] InnoDB: Removed temporary tablespace data file: "ibtmp1"
2023-10-23T21:46:49.826986Z 0 [Note] Shutting down plugin 'MEMORY'
2023-10-23T21:46:49.827446Z 0 [Note] Shutting down plugin 'CSV'
2023-10-23T21:46:49.827883Z 0 [Note] Shutting down plugin 'sha256_password'
2023-10-23T21:46:49.828404Z 0 [Note] Shutting down plugin 'mysql_native_password'
2023-10-23T21:46:49.829284Z 0 [Note] Shutting down plugin 'binlog'
2023-10-23T21:46:49.829986Z 0 [Note] 
